Flow report for i2s_interface
Sun Apr 05 20:07:55 2020
Quartus II 64-Bit Version 15.0.0 Build 145 04/22/2015 Patches 0.01we SJ Web Edition


---------------------
; Table of Contents ;
---------------------
  1. Legal Notice
  2. Flow Summary
  3. Flow Settings
  4. Flow Non-Default Global Settings
  5. Flow Elapsed Time
  6. Flow OS Summary
  7. Flow Log
  8. Flow Messages
  9. Flow Suppressed Messages



----------------
; Legal Notice ;
----------------
Copyright (C) 1991-2015 Altera Corporation. All rights reserved.
Your use of Altera Corporation's design tools, logic functions 
and other software and tools, and its AMPP partner logic 
functions, and any output files from any of the foregoing 
(including device programming or simulation files), and any 
associated documentation or information are expressly subject 
to the terms and conditions of the Altera Program License 
Subscription Agreement, the Altera Quartus II License Agreement,
the Altera MegaCore Function License Agreement, or other 
applicable license agreement, including, without limitation, 
that your use is for the sole purpose of programming logic 
devices manufactured by Altera and sold by Altera or its 
authorized distributors.  Please refer to the applicable 
agreement for further details.



+------------------------------------------------------------------------------------------------+
; Flow Summary                                                                                   ;
+------------------------------------+-----------------------------------------------------------+
; Flow Status                        ; Successful - Sun Apr 05 20:07:55 2020                     ;
; Quartus II 64-Bit Version          ; 15.0.0 Build 145 04/22/2015 Patches 0.01we SJ Web Edition ;
; Revision Name                      ; i2s_interface                                             ;
; Top-level Entity Name              ; i2s_interface                                             ;
; Family                             ; Cyclone IV E                                              ;
; Device                             ; EP4CE22F17C6                                              ;
; Timing Models                      ; Final                                                     ;
; Total logic elements               ; 93 / 22,320 ( < 1 % )                                     ;
;     Total combinational functions  ; 92 / 22,320 ( < 1 % )                                     ;
;     Dedicated logic registers      ; 54 / 22,320 ( < 1 % )                                     ;
; Total registers                    ; 54                                                        ;
; Total pins                         ; 13 / 154 ( 8 % )                                          ;
; Total virtual pins                 ; 0                                                         ;
; Total memory bits                  ; 0 / 608,256 ( 0 % )                                       ;
; Embedded Multiplier 9-bit elements ; 0 / 132 ( 0 % )                                           ;
; Total PLLs                         ; 0 / 4 ( 0 % )                                             ;
+------------------------------------+-----------------------------------------------------------+


+-----------------------------------------+
; Flow Settings                           ;
+-------------------+---------------------+
; Option            ; Setting             ;
+-------------------+---------------------+
; Start date & time ; 04/05/2020 20:07:31 ;
; Main task         ; Compilation         ;
; Revision Name     ; i2s_interface       ;
+-------------------+---------------------+


+---------------------------------------------------------------------------------------------------------------------------------------+
; Flow Non-Default Global Settings                                                                                                      ;
+------------------------------------------------+---------------------------------------+---------------+-------------+----------------+
; Assignment Name                                ; Value                                 ; Default Value ; Entity Name ; Section Id     ;
+------------------------------------------------+---------------------------------------+---------------+-------------+----------------+
; COMPILER_SIGNATURE_ID                          ; 263988424627632.158610645112556       ; --            ; --          ; --             ;
; EDA_DESIGN_INSTANCE_NAME                       ; NA                                    ; --            ; --          ; testbench      ;
; EDA_NATIVELINK_SIMULATION_TEST_BENCH           ; testbench                             ; --            ; --          ; eda_simulation ;
; EDA_OUTPUT_DATA_FORMAT                         ; Vhdl                                  ; --            ; --          ; eda_simulation ;
; EDA_SIMULATION_TOOL                            ; ModelSim-Altera (VHDL)                ; <None>        ; --          ; --             ;
; EDA_TEST_BENCH_ENABLE_STATUS                   ; TEST_BENCH_MODE                       ; --            ; --          ; eda_simulation ;
; EDA_TEST_BENCH_FILE                            ; simulation/modelsim/i2s_interface.vht ; --            ; --          ; testbench      ;
; EDA_TEST_BENCH_MODULE_NAME                     ; testbench                             ; --            ; --          ; testbench      ;
; EDA_TEST_BENCH_NAME                            ; testbench                             ; --            ; --          ; eda_simulation ;
; EDA_USER_COMPILED_SIMULATION_LIBRARY_DIRECTORY ; C:\altera\15.0\projects\i2s_interface ; --            ; --          ; eda_simulation ;
; MISC_FILE                                      ; src/bclk.cmp                          ; --            ; --          ; --             ;
; MISC_FILE                                      ; src/bclk.ppf                          ; --            ; --          ; --             ;
; MISC_FILE                                      ; test.cmp                              ; --            ; --          ; --             ;
; MISC_FILE                                      ; test.ppf                              ; --            ; --          ; --             ;
; MISC_FILE                                      ; src/bitCLK.cmp                        ; --            ; --          ; --             ;
; MISC_FILE                                      ; src/bitCLK.ppf                        ; --            ; --          ; --             ;
; PARTITION_COLOR                                ; 16764057                              ; --            ; --          ; Top            ;
; PARTITION_FITTER_PRESERVATION_LEVEL            ; PLACEMENT_AND_ROUTING                 ; --            ; --          ; Top            ;
; PARTITION_NETLIST_TYPE                         ; SOURCE                                ; --            ; --          ; Top            ;
; PROJECT_OUTPUT_DIRECTORY                       ; output_files                          ; --            ; --          ; --             ;
+------------------------------------------------+---------------------------------------+---------------+-------------+----------------+


+-------------------------------------------------------------------------------------------------------------------------------+
; Flow Elapsed Time                                                                                                             ;
+---------------------------+--------------+-------------------------+---------------------+------------------------------------+
; Module Name               ; Elapsed Time ; Average Processors Used ; Peak Virtual Memory ; Total CPU Time (on all processors) ;
+---------------------------+--------------+-------------------------+---------------------+------------------------------------+
; Analysis & Synthesis      ; 00:00:08     ; 1.0                     ; 4850 MB             ; 00:00:18                           ;
; Fitter                    ; 00:00:05     ; 1.0                     ; 5152 MB             ; 00:00:05                           ;
; Assembler                 ; 00:00:01     ; 1.0                     ; 4738 MB             ; 00:00:01                           ;
; TimeQuest Timing Analyzer ; 00:00:02     ; 1.0                     ; 4832 MB             ; 00:00:02                           ;
; EDA Netlist Writer        ; 00:00:01     ; 1.0                     ; 4707 MB             ; 00:00:01                           ;
; Total                     ; 00:00:17     ; --                      ; --                  ; 00:00:27                           ;
+---------------------------+--------------+-------------------------+---------------------+------------------------------------+


+----------------------------------------------------------------------------------------+
; Flow OS Summary                                                                        ;
+---------------------------+------------------+-----------+------------+----------------+
; Module Name               ; Machine Hostname ; OS Name   ; OS Version ; Processor type ;
+---------------------------+------------------+-----------+------------+----------------+
; Analysis & Synthesis      ; DESKTOP-6P48IAJ  ; Windows 7 ; 6.2        ; x86_64         ;
; Fitter                    ; DESKTOP-6P48IAJ  ; Windows 7 ; 6.2        ; x86_64         ;
; Assembler                 ; DESKTOP-6P48IAJ  ; Windows 7 ; 6.2        ; x86_64         ;
; TimeQuest Timing Analyzer ; DESKTOP-6P48IAJ  ; Windows 7 ; 6.2        ; x86_64         ;
; EDA Netlist Writer        ; DESKTOP-6P48IAJ  ; Windows 7 ; 6.2        ; x86_64         ;
+---------------------------+------------------+-----------+------------+----------------+


------------
; Flow Log ;
------------
quartus_map --read_settings_files=on --write_settings_files=off i2s_interface -c i2s_interface
quartus_fit --read_settings_files=off --write_settings_files=off i2s_interface -c i2s_interface
quartus_asm --read_settings_files=off --write_settings_files=off i2s_interface -c i2s_interface
quartus_sta i2s_interface -c i2s_interface
quartus_eda --read_settings_files=off --write_settings_files=off i2s_interface -c i2s_interface



